# JRE version: OpenJDK Runtime Environment (8.0_152-b01) (build 1.8.0_152-release-915-b01)
# Java VM: OpenJDK Server VM (25.152-b01 mixed mode windows-x86 )
Heap:
 def new generation   total 34176K, used 15021K [0x10e00000, 0x13310000, 0x26350000)
  eden space 30400K,  37% used [0x10e00000, 0x11924920, 0x12bb0000)
  from space 3776K,  95% used [0x12f60000, 0x132e6e50, 0x13310000)
  to   space 3776K,   0% used [0x12bb0000, 0x12bb0000, 0x12f60000)
 tenured generation   total 75696K, used 54206K [0x26350000, 0x2ad3c000, 0x50e00000)
   the space 75696K,  71% used [0x26350000, 0x2983f9f0, 0x2983fa00, 0x2ad3c000)
 Metaspace       used 44361K, capacity 45599K, committed 45696K, reserved 46464K
GC Heap History (10 events):
Event: 128.370 GC heap before
{Heap before GC invocations=81 (full 4):
 def new generation   total 34176K, used 30400K [0x10e00000, 0x13310000, 0x26350000)
  eden space 30400K, 100% used [0x10e00000, 0x12bb0000, 0x12bb0000)
  from space 3776K,   0% used [0x12bb0000, 0x12bb0000, 0x12f60000)
  to   space 3776K,   0% used [0x12f60000, 0x12f60000, 0x13310000)
 tenured generation   total 75696K, used 45415K [0x26350000, 0x2ad3c000, 0x50e00000)
   the space 75696K,  59% used [0x26350000, 0x28fa9e68, 0x28faa000, 0x2ad3c000)
 Metaspace       used 42294K, capacity 43568K, committed 43648K, reserved 44416K
Event: 128.391 GC heap after
Heap after GC invocations=82 (full 4):
 def new generation   total 34176K, used 3065K [0x10e00000, 0x13310000, 0x26350000)
  eden space 30400K,   0% used [0x10e00000, 0x10e00000, 0x12bb0000)
  from space 3776K,  81% used [0x12f60000, 0x1325e568, 0x13310000)
  to   space 3776K,   0% used [0x12bb0000, 0x12bb0000, 0x12f60000)
 tenured generation   total 75696K, used 45415K [0x26350000, 0x2ad3c000, 0x50e00000)
   the space 75696K,  59% used [0x26350000, 0x28fa9e68, 0x28faa000, 0x2ad3c000)
 Metaspace       used 42294K, capacity 43568K, committed 43648K, reserved 44416K
}
Event: 132.281 GC heap before
{Heap before GC invocations=82 (full 4):
 def new generation   total 34176K, used 33465K [0x10e00000, 0x13310000, 0x26350000)
  eden space 30400K, 100% used [0x10e00000, 0x12bb0000, 0x12bb0000)
  from space 3776K,  81% used [0x12f60000, 0x1325e568, 0x13310000)
  to   space 3776K,   0% used [0x12bb0000, 0x12bb0000, 0x12f60000)
 tenured generation   total 75696K, used 45415K [0x26350000, 0x2ad3c000, 0x50e00000)
   the space 75696K,  59% used [0x26350000, 0x28fa9e68, 0x28faa000, 0x2ad3c000)
 Metaspace       used 42367K, capacity 43600K, committed 43648K, reserved 44416K
Event: 132.296 GC heap after
Heap after GC invocations=83 (full 4):
 def new generation   total 34176K, used 540K [0x10e00000, 0x13310000, 0x26350000)
  eden space 30400K,   0% used [0x10e00000, 0x10e00000, 0x12bb0000)
  from space 3776K,  14% used [0x12bb0000, 0x12c371b0, 0x12f60000)
  to   space 3776K,   0% used [0x12f60000, 0x12f60000, 0x13310000)
 tenured generation   total 75696K, used 47067K [0x26350000, 0x2ad3c000, 0x50e00000)
   the space 75696K,  62% used [0x26350000, 0x29146ea0, 0x29147000, 0x2ad3c000)
 Metaspace       used 42367K, capacity 43600K, committed 43648K, reserved 44416K
}
Event: 141.763 GC heap before
{Heap before GC invocations=83 (full 4):
 def new generation   total 34176K, used 30940K [0x10e00000, 0x13310000, 0x26350000)
  eden space 30400K, 100% used [0x10e00000, 0x12bb0000, 0x12bb0000)
  from space 3776K,  14% used [0x12bb0000, 0x12c371b0, 0x12f60000)
  to   space 3776K,   0% used [0x12f60000, 0x12f60000, 0x13310000)
 tenured generation   total 75696K, used 47067K [0x26350000, 0x2ad3c000, 0x50e00000)
   the space 75696K,  62% used [0x26350000, 0x29146ea0, 0x29147000, 0x2ad3c000)
 Metaspace       used 43066K, capacity 44278K, committed 44288K, reserved 44416K
Event: 141.794 GC heap after
Heap after GC invocations=84 (full 4):
 def new generation   total 34176K, used 3776K [0x10e00000, 0x13310000, 0x26350000)
  eden space 30400K,   0% used [0x10e00000, 0x10e00000, 0x12bb0000)
  from space 3776K, 100% used [0x12f60000, 0x13310000, 0x13310000)
  to   space 3776K,   0% used [0x12bb0000, 0x12bb0000, 0x12f60000)
 tenured generation   total 75696K, used 47213K [0x26350000, 0x2ad3c000, 0x50e00000)
   the space 75696K,  62% used [0x26350000, 0x2916b588, 0x2916b600, 0x2ad3c000)
 Metaspace       used 43066K, capacity 44278K, committed 44288K, reserved 44416K
}
Event: 158.713 GC heap before
{Heap before GC invocations=84 (full 4):
 def new generation   total 34176K, used 34176K [0x10e00000, 0x13310000, 0x26350000)
  eden space 30400K, 100% used [0x10e00000, 0x12bb0000, 0x12bb0000)
  from space 3776K, 100% used [0x12f60000, 0x13310000, 0x13310000)
  to   space 3776K,   0% used [0x12bb0000, 0x12bb0000, 0x12f60000)
 tenured generation   total 75696K, used 47213K [0x26350000, 0x2ad3c000, 0x50e00000)
   the space 75696K,  62% used [0x26350000, 0x2916b588, 0x2916b600, 0x2ad3c000)
 Metaspace       used 43675K, capacity 44914K, committed 45056K, reserved 45440K
Event: 158.769 GC heap after
Heap after GC invocations=85 (full 4):
 def new generation   total 34176K, used 3776K [0x10e00000, 0x13310000, 0x26350000)
  eden space 30400K,   0% used [0x10e00000, 0x10e00000, 0x12bb0000)
  from space 3776K, 100% used [0x12bb0000, 0x12f60000, 0x12f60000)
  to   space 3776K,   0% used [0x12f60000, 0x12f60000, 0x13310000)
 tenured generation   total 75696K, used 50739K [0x26350000, 0x2ad3c000, 0x50e00000)
   the space 75696K,  67% used [0x26350000, 0x294dcc58, 0x294dce00, 0x2ad3c000)
 Metaspace       used 43675K, capacity 44914K, committed 45056K, reserved 45440K
}
Event: 163.471 GC heap before
{Heap before GC invocations=85 (full 4):
 def new generation   total 34176K, used 34176K [0x10e00000, 0x13310000, 0x26350000)
  eden space 30400K, 100% used [0x10e00000, 0x12bb0000, 0x12bb0000)
  from space 3776K, 100% used [0x12bb0000, 0x12f60000, 0x12f60000)
  to   space 3776K,   0% used [0x12f60000, 0x12f60000, 0x13310000)
 tenured generation   total 75696K, used 50739K [0x26350000, 0x2ad3c000, 0x50e00000)
   the space 75696K,  67% used [0x26350000, 0x294dcc58, 0x294dce00, 0x2ad3c000)
 Metaspace       used 43935K, capacity 45178K, committed 45184K, reserved 45440K
Event: 163.515 GC heap after
Heap after GC invocations=86 (full 4):
 def new generation   total 34176K, used 3611K [0x10e00000, 0x13310000, 0x26350000)
  eden space 30400K,   0% used [0x10e00000, 0x10e00000, 0x12bb0000)
  from space 3776K,  95% used [0x12f60000, 0x132e6e50, 0x13310000)
  to   space 3776K,   0% used [0x12bb0000, 0x12bb0000, 0x12f60000)
 tenured generation   total 75696K, used 54206K [0x26350000, 0x2ad3c000, 0x50e00000)
   the space 75696K,  71% used [0x26350000, 0x2983f9f0, 0x2983fa00, 0x2ad3c000)
 Metaspace       used 43935K, capacity 45178K, committed 45184K, reserved 45440K
}

